Arguments: 
  C:\Users\Moon's\Desktop\server\FXServer.exe C:\Users\Moon's\Desktop\svdaaddscambler\resources\[system]\[builders]\yarn\yarn_cli.js install

PATH: 
  C:\Program Files (x86)\Common Files\Oracle\Java\javapath;C:\Windows\system32;C:\Windows;C:\Windows\System32\Wbem;C:\Windows\System32\WindowsPowerShell\v1.0\;C:\Windows\System32\OpenSSH\;C:\Program Files\PuTTY\;C:\Users\Moon's\AppData\Local\Microsoft\WindowsApps;C:\adb;C:\Program Files (x86)\Windows Kits\10\Windows Performance Toolkit\;C:\Program Files (x86)\MySQL\MySQL Utilities 1.6\;C:\Users\Moon's\AppData\Local\Microsoft\WindowsApps;C:\Users\Moon's\AppData\Local\Keybase\

Yarn version: 
  1.13.0

Node version: 
  8.12.0

Platform: 
  win32 x64

Trace: 
  Error: EBUSY: resource busy or locked, copyfile 'C:\Users\Moon's\AppData\Local\Yarn\Cache\v4\npm-acorn-6.3.0-0087509119ffa4fc0a0041d1e93a417e68cb856e\node_modules\acorn\package.json' -> 'C:\Users\Moon's\Desktop\svdaaddscambler\resources\[system]\[builders]\webpack\node_modules\acorn\package.json'

npm manifest: 
  {
    "name": "webpack-builder",
    "version": "1.0.0",
    "description": "",
    "main": "index.js",
    "scripts": {
      "test": "echo \"Error: no test specified\" && exit 1"
    },
    "author": "",
    "license": "ISC",
    "dependencies": {
      "async": "^2.6.1",
      "webpack": "^4.12.0",
      "worker-farm": "^1.6.0"
    }
  }

yarn manifest: 
  No manifest

Lockfile: 
  No lockfile
